08/21/2023 01:24:49 PM <qr_operation.py> [read_eclid_file](line 96) - eclid file path=C:\Users\hausen_lin\PycharmProjects\PDRA\PDRa_portrait_3118\ATFramework_aPDR\ATFramework\utils\_ecl_operation\eclid
08/21/2023 01:24:49 PM <qr_operation.py> [read_eclid_file](line 109) - read eclid file successfully
08/21/2023 01:24:50 PM <password.py> [__init__](line 35) - file_credential = C:\Users\hausen_lin\PycharmProjects\PDRA\PDRa_portrait_3118\ATFramework_aPDR\ATFramework\utils\_ecl_operation\credential
08/21/2023 01:24:54 PM <qr_operation.py> [__init__](line 85) - Exception occurs. Incorrect format of parameter or missing keys. ErrorLog=Message: session not created: This version of ChromeDriver only supports Chrome version 114
Current browser version is 116.0.5845.97 with binary path C:\Program Files\Google\Chrome\Application\chrome.exe
Stacktrace:
Backtrace:
	GetHandleVerifier [0x00E1A813+48355]
	(No symbol) [0x00DAC4B1]
	(No symbol) [0x00CB5358]
	(No symbol) [0x00CD61AC]
	(No symbol) [0x00CD1EF3]
	(No symbol) [0x00CD0579]
	(No symbol) [0x00D00C55]
	(No symbol) [0x00D0093C]
	(No symbol) [0x00CFA536]
	(No symbol) [0x00CD82DC]
	(No symbol) [0x00CD93DD]
	GetHandleVerifier [0x0107AABD+2539405]
	GetHandleVerifier [0x010BA78F+2800735]
	GetHandleVerifier [0x010B456C+2775612]
	GetHandleVerifier [0x00EA51E0+616112]
	(No symbol) [0x00DB5F8C]
	(No symbol) [0x00DB2328]
	(No symbol) [0x00DB240B]
	(No symbol) [0x00DA4FF7]
	BaseThreadInitThunk [0x76107D59+25]
	RtlInitializeExceptionChain [0x77A2B79B+107]
	RtlClearBits [0x77A2B71F+191]

08/21/2023 01:24:58 PM <qr_operation.py> [qr_operation](line 278) - Exception occurs. ErrorLog='Qr_Operation' object has no attribute 'driver'
08/21/2023 01:24:58 PM <qr_operation.py> [create_qr](line 295) - dict_result={'result': False, 'error_log': AttributeError("'Qr_Operation' object has no attribute 'driver'"), 'qr_link': None}
08/21/2023 06:26:33 PM <qr_operation.py> [read_eclid_file](line 96) - eclid file path=C:\Users\hausen_lin\PycharmProjects\PDRA\PDRa_portrait_3118\ATFramework_aPDR\ATFramework\utils\_ecl_operation\eclid
08/21/2023 06:26:33 PM <qr_operation.py> [read_eclid_file](line 109) - read eclid file successfully
08/21/2023 06:26:33 PM <password.py> [__init__](line 35) - file_credential = C:\Users\hausen_lin\PycharmProjects\PDRA\PDRa_portrait_3118\ATFramework_aPDR\ATFramework\utils\_ecl_operation\credential
08/21/2023 06:26:38 PM <qr_operation.py> [qr_operation](line 278) - Exception occurs. ErrorLog=Message: no such window: target window already closed
from unknown error: web view not found
  (Session info: chrome=116.0.5845.97)
Stacktrace:
	GetHandleVerifier [0x00007FF62D4D52A2+57122]
	(No symbol) [0x00007FF62D44EA92]
	(No symbol) [0x00007FF62D31E3AB]
	(No symbol) [0x00007FF62D2FE1B9]
	(No symbol) [0x00007FF62D37B417]
	(No symbol) [0x00007FF62D380B8B]
	(No symbol) [0x00007FF62D376FA0]
	(No symbol) [0x00007FF62D34D2B1]
	(No symbol) [0x00007FF62D34E494]
	GetHandleVerifier [0x00007FF62D77EF82+2849794]
	GetHandleVerifier [0x00007FF62D7D1D24+3189156]
	GetHandleVerifier [0x00007FF62D7CACAF+3160367]
	GetHandleVerifier [0x00007FF62D566D06+653702]
	(No symbol) [0x00007FF62D45A208]
	(No symbol) [0x00007FF62D4562C4]
	(No symbol) [0x00007FF62D4563F6]
	(No symbol) [0x00007FF62D4467A3]
	BaseThreadInitThunk [0x00007FF9D3C126AD+29]
	RtlUserThreadStart [0x00007FF9D512AA68+40]

08/21/2023 06:26:38 PM <qr_operation.py> [create_qr](line 295) - dict_result={'result': False, 'error_log': NoSuchWindowException(), 'qr_link': None}
08/22/2023 02:28:12 PM <qr_operation.py> [read_eclid_file](line 96) - eclid file path=C:\Users\hausen_lin\PycharmProjects\PDRA\PDRa_portrait_3118\ATFramework_aPDR\ATFramework\utils\_ecl_operation\eclid
08/22/2023 02:28:12 PM <qr_operation.py> [read_eclid_file](line 109) - read eclid file successfully
08/22/2023 02:28:12 PM <password.py> [__init__](line 35) - file_credential = C:\Users\hausen_lin\PycharmProjects\PDRA\PDRa_portrait_3118\ATFramework_aPDR\ATFramework\utils\_ecl_operation\credential
08/22/2023 02:28:17 PM <qr_operation.py> [__init__](line 85) - Exception occurs. Incorrect format of parameter or missing keys. ErrorLog=Message: session not created: This version of ChromeDriver only supports Chrome version 114
Current browser version is 116.0.5845.97 with binary path C:\Program Files\Google\Chrome\Application\chrome.exe
Stacktrace:
Backtrace:
	GetHandleVerifier [0x00C9A813+48355]
	(No symbol) [0x00C2C4B1]
	(No symbol) [0x00B35358]
	(No symbol) [0x00B561AC]
	(No symbol) [0x00B51EF3]
	(No symbol) [0x00B50579]
	(No symbol) [0x00B80C55]
	(No symbol) [0x00B8093C]
	(No symbol) [0x00B7A536]
	(No symbol) [0x00B582DC]
	(No symbol) [0x00B593DD]
	GetHandleVerifier [0x00EFAABD+2539405]
	GetHandleVerifier [0x00F3A78F+2800735]
	GetHandleVerifier [0x00F3456C+2775612]
	GetHandleVerifier [0x00D251E0+616112]
	(No symbol) [0x00C35F8C]
	(No symbol) [0x00C32328]
	(No symbol) [0x00C3240B]
	(No symbol) [0x00C24FF7]
	BaseThreadInitThunk [0x76107D59+25]
	RtlInitializeExceptionChain [0x77A2B79B+107]
	RtlClearBits [0x77A2B71F+191]

08/22/2023 02:28:21 PM <qr_operation.py> [qr_operation](line 278) - Exception occurs. ErrorLog='Qr_Operation' object has no attribute 'driver'
08/22/2023 02:28:21 PM <qr_operation.py> [create_qr](line 295) - dict_result={'result': False, 'error_log': AttributeError("'Qr_Operation' object has no attribute 'driver'"), 'qr_link': None}
08/22/2023 04:07:13 PM <qr_operation.py> [read_eclid_file](line 97) - eclid file path=C:\Users\hausen_lin\PycharmProjects\PDRA\PDRa_portrait_3118\ATFramework_aPDR\ATFramework\utils\_ecl_operation\eclid
08/22/2023 04:07:13 PM <qr_operation.py> [read_eclid_file](line 110) - read eclid file successfully
08/22/2023 04:07:13 PM <password.py> [__init__](line 35) - file_credential = C:\Users\hausen_lin\PycharmProjects\PDRA\PDRa_portrait_3118\ATFramework_aPDR\ATFramework\utils\_ecl_operation\credential
08/22/2023 04:07:17 PM <qr_operation.py> [__init__](line 86) - Exception occurs. Incorrect format of parameter or missing keys. ErrorLog=Message: session not created: This version of ChromeDriver only supports Chrome version 114
Current browser version is 116.0.5845.97 with binary path C:\Program Files\Google\Chrome\Application\chrome.exe
Stacktrace:
Backtrace:
	GetHandleVerifier [0x00C9A813+48355]
	(No symbol) [0x00C2C4B1]
	(No symbol) [0x00B35358]
	(No symbol) [0x00B561AC]
	(No symbol) [0x00B51EF3]
	(No symbol) [0x00B50579]
	(No symbol) [0x00B80C55]
	(No symbol) [0x00B8093C]
	(No symbol) [0x00B7A536]
	(No symbol) [0x00B582DC]
	(No symbol) [0x00B593DD]
	GetHandleVerifier [0x00EFAABD+2539405]
	GetHandleVerifier [0x00F3A78F+2800735]
	GetHandleVerifier [0x00F3456C+2775612]
	GetHandleVerifier [0x00D251E0+616112]
	(No symbol) [0x00C35F8C]
	(No symbol) [0x00C32328]
	(No symbol) [0x00C3240B]
	(No symbol) [0x00C24FF7]
	BaseThreadInitThunk [0x76107D59+25]
	RtlInitializeExceptionChain [0x77A2B79B+107]
	RtlClearBits [0x77A2B71F+191]

08/22/2023 04:07:21 PM <qr_operation.py> [qr_operation](line 279) - Exception occurs. ErrorLog='Qr_Operation' object has no attribute 'driver'
08/22/2023 04:07:21 PM <qr_operation.py> [create_qr](line 296) - dict_result={'result': False, 'error_log': AttributeError("'Qr_Operation' object has no attribute 'driver'"), 'qr_link': None}
08/23/2023 10:24:03 AM <qr_operation.py> [read_eclid_file](line 96) - eclid file path=C:\Users\hausen_lin\PycharmProjects\PDRA\PDRa_portrait_3118\ATFramework_aPDR\ATFramework\utils\_ecl_operation\eclid
08/23/2023 10:24:03 AM <qr_operation.py> [read_eclid_file](line 109) - read eclid file successfully
08/23/2023 10:24:03 AM <password.py> [__init__](line 35) - file_credential = C:\Users\hausen_lin\PycharmProjects\PDRA\PDRa_portrait_3118\ATFramework_aPDR\ATFramework\utils\_ecl_operation\credential
08/23/2023 10:24:05 AM <qr_operation.py> [__init__](line 85) - Exception occurs. Incorrect format of parameter or missing keys. ErrorLog=ChromiumOptions.add_experimental_option() missing 1 required positional argument: 'value'
08/23/2023 10:24:31 AM <qr_operation.py> [create_qr](line 295) - dict_result={'result': True, 'error_log': '', 'qr_link': 'https://ecl.cyberlink.com/TR/QRForm/QRFormQuery2.asp?QRCode=QR0452721'}
08/23/2023 08:13:54 PM <qr_operation.py> [read_eclid_file](line 96) - eclid file path=C:\Users\hausen_lin\PycharmProjects\PDRA\PDRa_portrait_3118\ATFramework_aPDR\ATFramework\utils\_ecl_operation\eclid
08/23/2023 08:13:54 PM <qr_operation.py> [read_eclid_file](line 109) - read eclid file successfully
08/23/2023 08:13:54 PM <password.py> [__init__](line 35) - file_credential = C:\Users\hausen_lin\PycharmProjects\PDRA\PDRa_portrait_3118\ATFramework_aPDR\ATFramework\utils\_ecl_operation\credential
08/23/2023 08:13:56 PM <qr_operation.py> [__init__](line 85) - Exception occurs. Incorrect format of parameter or missing keys. ErrorLog=ChromiumOptions.add_experimental_option() missing 1 required positional argument: 'value'
08/23/2023 08:14:22 PM <qr_operation.py> [create_qr](line 295) - dict_result={'result': True, 'error_log': '', 'qr_link': 'https://ecl.cyberlink.com/TR/QRForm/QRFormQuery2.asp?QRCode=QR0452761'}
